<?xml version="1.0" encoding="UTF-8"?>
<!-- Generated by org.testng.reporters.JUnitReportReporter -->
<testsuite hostname="SL-1136" name="com.swaglabs.Tests.LoginInvalidUser" tests="4" failures="0" timestamp="28 Jan 2019 05:41:12 GMT" time="270.777" errors="0">
  <testcase name="LogininvalidUserTest" time="63.177" classname="com.swaglabs.Tests.LoginInvalidUser"/>
  <testcase name="LogininvalidUserTest" time="60.549" classname="com.swaglabs.Tests.LoginInvalidUser"/>
  <testcase name="LogininvalidUserTest" time="41.395" classname="com.swaglabs.Tests.LoginInvalidUser"/>
  <testcase name="LogininvalidUserTest" time="105.656" classname="com.swaglabs.Tests.LoginInvalidUser"/>
</testsuite> <!-- com.swaglabs.Tests.LoginInvalidUser -->
