<?xml version="1.0" encoding="UTF-8"?>
<!-- Generated by org.testng.reporters.JUnitReportReporter -->
<testsuite hostname="SL-1136" name="com.yourcompany.Tests.FollowLinkTest" tests="3" failures="0" timestamp="18 Jan 2019 21:48:32 GMT" time="187.387" errors="0">
  <testcase name="verifyLinkTest" time="56.414" classname="com.yourcompany.Tests.FollowLinkTest"/>
  <testcase name="verifyLinkTest" time="65.415" classname="com.yourcompany.Tests.FollowLinkTest"/>
  <testcase name="verifyLinkTest" time="65.558" classname="com.yourcompany.Tests.FollowLinkTest"/>
</testsuite> <!-- com.yourcompany.Tests.FollowLinkTest -->
