<?xml version="1.0" encoding="UTF-8"?>
<!-- Generated by org.testng.reporters.JUnitReportReporter -->
<testsuite hostname="SL-1136" name="com.swaglabs.Tests.LoginValidUser" tests="4" failures="0" timestamp="28 Jan 2019 01:00:28 GMT" time="262.396" errors="0">
  <testcase name="LoginValidUserTest" time="64.970" classname="com.swaglabs.Tests.LoginValidUser"/>
  <testcase name="LoginValidUserTest" time="55.761" classname="com.swaglabs.Tests.LoginValidUser"/>
  <testcase name="LoginValidUserTest" time="94.603" classname="com.swaglabs.Tests.LoginValidUser"/>
  <testcase name="LoginValidUserTest" time="47.062" classname="com.swaglabs.Tests.LoginValidUser"/>
</testsuite> <!-- com.swaglabs.Tests.LoginValidUser -->
