<?xml version="1.0" encoding="UTF-8"?>
<!-- Generated by org.testng.reporters.JUnitReportReporter -->
<testsuite hostname="SL-1136" name="com.swaglabs.Tests.LaunchSwagLabs" tests="4" failures="0" timestamp="27 Jan 2019 22:46:48 GMT" time="192.480" errors="0">
  <testcase name="LaunchSwagLabsTest" time="36.419" classname="com.swaglabs.Tests.LaunchSwagLabs"/>
  <testcase name="LaunchSwagLabsTest" time="33.289" classname="com.swaglabs.Tests.LaunchSwagLabs"/>
  <testcase name="LaunchSwagLabsTest" time="42.901" classname="com.swaglabs.Tests.LaunchSwagLabs"/>
  <testcase name="LaunchSwagLabsTest" time="79.871" classname="com.swaglabs.Tests.LaunchSwagLabs"/>
</testsuite> <!-- com.swaglabs.Tests.LaunchSwagLabs -->
