<?xml version="1.0" encoding="UTF-8"?>
<!-- Generated by org.testng.reporters.JUnitReportReporter -->
<testsuite hostname="SL-1136" name="com.swaglabs.Tests.LoginValidUser" tests="4" failures="0" timestamp="28 Jan 2019 05:41:12 GMT" time="259.214" errors="0">
  <testcase name="LoginValidUserTest" time="57.107" classname="com.swaglabs.Tests.LoginValidUser"/>
  <testcase name="LoginValidUserTest" time="91.136" classname="com.swaglabs.Tests.LoginValidUser"/>
  <testcase name="LoginValidUserTest" time="64.680" classname="com.swaglabs.Tests.LoginValidUser"/>
  <testcase name="LoginValidUserTest" time="46.291" classname="com.swaglabs.Tests.LoginValidUser"/>
</testsuite> <!-- com.swaglabs.Tests.LoginValidUser -->
