<?xml version="1.0" encoding="UTF-8"?>
<!-- Generated by org.testng.reporters.JUnitReportReporter -->
<testsuite hostname="SL-1136" name="com.swaglabs.Tests.FollowLinkTest" tests="3" failures="0" timestamp="18 Jan 2019 22:14:27 GMT" time="185.803" errors="0">
  <testcase name="verifyLinkTest" time="61.517" classname="com.swaglabs.Tests.FollowLinkTest"/>
  <testcase name="verifyLinkTest" time="59.000" classname="com.swaglabs.Tests.FollowLinkTest"/>
  <testcase name="verifyLinkTest" time="65.286" classname="com.swaglabs.Tests.FollowLinkTest"/>
</testsuite> <!-- com.swaglabs.Tests.FollowLinkTest -->
