<?xml version="1.0" encoding="UTF-8"?>
<!-- Generated by org.testng.reporters.JUnitReportReporter -->
<testsuite hostname="SL-1136" name="com.swaglabs.Tests.LaunchSwagLabs" tests="4" failures="0" timestamp="28 Jan 2019 05:41:12 GMT" time="183.753" errors="0">
  <testcase name="LaunchSwagLabsTest" time="72.963" classname="com.swaglabs.Tests.LaunchSwagLabs"/>
  <testcase name="LaunchSwagLabsTest" time="35.839" classname="com.swaglabs.Tests.LaunchSwagLabs"/>
  <testcase name="LaunchSwagLabsTest" time="32.368" classname="com.swaglabs.Tests.LaunchSwagLabs"/>
  <testcase name="LaunchSwagLabsTest" time="42.583" classname="com.swaglabs.Tests.LaunchSwagLabs"/>
</testsuite> <!-- com.swaglabs.Tests.LaunchSwagLabs -->
