<?xml version="1.0" encoding="UTF-8"?>
<!-- Generated by org.testng.reporters.JUnitReportReporter -->
<testsuite hostname="SL-1136" name="com.swaglabs.Tests.LoginInvalidUser" tests="4" failures="0" timestamp="28 Jan 2019 05:01:01 GMT" time="267.960" errors="0">
  <testcase name="LogininvalidUserTest" time="90.229" classname="com.swaglabs.Tests.LoginInvalidUser"/>
  <testcase name="LogininvalidUserTest" time="61.923" classname="com.swaglabs.Tests.LoginInvalidUser"/>
  <testcase name="LogininvalidUserTest" time="46.719" classname="com.swaglabs.Tests.LoginInvalidUser"/>
  <testcase name="LogininvalidUserTest" time="69.089" classname="com.swaglabs.Tests.LoginInvalidUser"/>
</testsuite> <!-- com.swaglabs.Tests.LoginInvalidUser -->
