<?xml version="1.0" encoding="UTF-8"?>
<!-- Generated by org.testng.reporters.JUnitReportReporter -->
<testsuite hostname="SL-1136" name="com.swaglabs.Tests.LoginInvalidUser" tests="4" failures="0" timestamp="28 Jan 2019 05:50:41 GMT" time="266.259" errors="0">
  <testcase name="LogininvalidUserTest" time="70.735" classname="com.swaglabs.Tests.LoginInvalidUser"/>
  <testcase name="LogininvalidUserTest" time="97.371" classname="com.swaglabs.Tests.LoginInvalidUser"/>
  <testcase name="LogininvalidUserTest" time="53.622" classname="com.swaglabs.Tests.LoginInvalidUser"/>
  <testcase name="LogininvalidUserTest" time="44.531" classname="com.swaglabs.Tests.LoginInvalidUser"/>
</testsuite> <!-- com.swaglabs.Tests.LoginInvalidUser -->
