<?xml version="1.0" encoding="UTF-8"?>
<!-- Generated by org.testng.reporters.JUnitReportReporter -->
<testsuite hostname="SL-1136" name="com.swaglabs.Tests.LaunchSwagLabs" tests="4" failures="0" timestamp="28 Jan 2019 05:50:41 GMT" time="192.491" errors="0">
  <testcase name="LaunchSwagLabsTest" time="30.734" classname="com.swaglabs.Tests.LaunchSwagLabs"/>
  <testcase name="LaunchSwagLabsTest" time="77.056" classname="com.swaglabs.Tests.LaunchSwagLabs"/>
  <testcase name="LaunchSwagLabsTest" time="38.945" classname="com.swaglabs.Tests.LaunchSwagLabs"/>
  <testcase name="LaunchSwagLabsTest" time="45.756" classname="com.swaglabs.Tests.LaunchSwagLabs"/>
</testsuite> <!-- com.swaglabs.Tests.LaunchSwagLabs -->
