<?xml version="1.0" encoding="UTF-8"?>
<!-- Generated by org.testng.reporters.JUnitReportReporter -->
<testsuite hostname="SL-1136" name="com.swaglabs.Tests.LoginValidUser" tests="4" failures="0" timestamp="28 Jan 2019 05:50:41 GMT" time="347.043" errors="0">
  <testcase name="LoginValidUserTest" time="46.700" classname="com.swaglabs.Tests.LoginValidUser"/>
  <testcase name="LoginValidUserTest" time="93.656" classname="com.swaglabs.Tests.LoginValidUser"/>
  <testcase name="LoginValidUserTest" time="146.718" classname="com.swaglabs.Tests.LoginValidUser"/>
  <testcase name="LoginValidUserTest" time="59.969" classname="com.swaglabs.Tests.LoginValidUser"/>
</testsuite> <!-- com.swaglabs.Tests.LoginValidUser -->
